<?xml version="1.0" encoding="UTF-8"?>
<testng-results ignored="0" total="1" passed="1" failed="0" skipped="0">
  <reporter-output>
  </reporter-output>
  <suite started-at="2022-10-15T14:16:32 IST" name="Default suite" finished-at="2022-10-15T14:17:33 IST" duration-ms="60704">
    <groups>
    </groups>
    <test started-at="2022-10-15T14:16:32 IST" name="Default test" finished-at="2022-10-15T14:17:33 IST" duration-ms="60704">
      <class name="com.Selenium.TestNG.TestNG_Sample">
        <test-method is-config="true" signature="setUpTest()[pri:0, instance:com.Selenium.TestNG.TestNG_Sample@158da8e]" started-at="2022-10-15T14:16:32 IST" name="setUpTest" finished-at="2022-10-15T14:16:34 IST" duration-ms="1930" status="PASS">
          <reporter-output>
          </reporter-output>
        </test-method> <!-- setUpTest -->
        <test-method signature="googleSearch()[pri:0, instance:com.Selenium.TestNG.TestNG_Sample@158da8e]" started-at="2022-10-15T14:16:34 IST" name="googleSearch" finished-at="2022-10-15T14:17:16 IST" duration-ms="42326" status="PASS">
          <reporter-output>
          </reporter-output>
        </test-method> <!-- googleSearch -->
        <test-method is-config="true" signature="tearDownTest()[pri:0, instance:com.Selenium.TestNG.TestNG_Sample@158da8e]" started-at="2022-10-15T14:17:16 IST" name="tearDownTest" finished-at="2022-10-15T14:17:33 IST" duration-ms="16409" status="PASS">
          <reporter-output>
          </reporter-output>
        </test-method> <!-- tearDownTest -->
      </class> <!-- com.Selenium.TestNG.TestNG_Sample -->
    </test> <!-- Default test -->
  </suite> <!-- Default suite -->
</testng-results>
